<?xml version="1.0" encoding="UTF-8"?>
<!-- Generated by org.testng.reporters.JUnitReportReporter -->
<testsuite hostname="DESKTOP-BRFNGPH" failures="0" tests="2" name="com.test.secondTest" time="0.063" errors="0" timestamp="2023-05-26T18:08:07 IST" skipped="0">
  <testcase classname="com.test.secondTest" name="test2" time="0.047"/>
  <system-out/>
  <testcase classname="com.test.secondTest" name="testAdd" time="0.016"/>
  <system-out/>
</testsuite> <!-- com.test.secondTest -->
